c:\users\coleb\onedrive\desktop\github\ball-bounce\ball-bounce\ballbounce\x64\debug\vc142.pdb
c:\users\coleb\onedrive\desktop\github\ball-bounce\ball-bounce\ballbounce\x64\debug\vc142.idb
c:\users\coleb\onedrive\desktop\github\ball-bounce\ball-bounce\ballbounce\x64\debug\main.obj
c:\users\coleb\onedrive\desktop\github\ball-bounce\ball-bounce\ballbounce\x64\debug\texture.obj
c:\users\coleb\onedrive\desktop\github\ball-bounce\ball-bounce\ballbounce\x64\debug\sprte_renderer.obj
c:\users\coleb\onedrive\desktop\github\ball-bounce\ball-bounce\ballbounce\x64\debug\shader.obj
c:\users\coleb\onedrive\desktop\github\ball-bounce\ball-bounce\ballbounce\x64\debug\resource_manager.obj
c:\users\coleb\onedrive\desktop\github\ball-bounce\ball-bounce\ballbounce\x64\debug\multi_ball.obj
c:\users\coleb\onedrive\desktop\github\ball-bounce\ball-bounce\ballbounce\x64\debug\game_object.obj
c:\users\coleb\onedrive\desktop\github\ball-bounce\ball-bounce\ballbounce\x64\debug\game_level.obj
c:\users\coleb\onedrive\desktop\github\ball-bounce\ball-bounce\ballbounce\x64\debug\ball_object.obj
c:\users\coleb\onedrive\desktop\github\ball-bounce\ball-bounce\ballbounce\x64\debug\game.obj
c:\users\coleb\onedrive\desktop\github\ball-bounce\ball-bounce\ballbounce\x64\debug\glad.obj
c:\users\coleb\onedrive\desktop\github\ball-bounce\ball-bounce\ballbounce\x64\debug\sprite_renderer.obj
c:\users\coleb\onedrive\desktop\github\ball-bounce\ball-bounce\x64\debug\ballbounce.exe
c:\users\coleb\onedrive\desktop\github\ball-bounce\ball-bounce\ballbounce\x64\debug\ballbounce.ilk
c:\users\coleb\onedrive\desktop\github\ball-bounce\ball-bounce\x64\debug\ballbounce.pdb
c:\users\coleb\onedrive\desktop\github\ball-bounce\ball-bounce\ballbounce\x64\debug\ballbounce.tlog\cl.command.1.tlog
c:\users\coleb\onedrive\desktop\github\ball-bounce\ball-bounce\ballbounce\x64\debug\ballbounce.tlog\cl.read.1.tlog
c:\users\coleb\onedrive\desktop\github\ball-bounce\ball-bounce\ballbounce\x64\debug\ballbounce.tlog\cl.write.1.tlog
c:\users\coleb\onedrive\desktop\github\ball-bounce\ball-bounce\ballbounce\x64\debug\ballbounce.tlog\link.command.1.tlog
c:\users\coleb\onedrive\desktop\github\ball-bounce\ball-bounce\ballbounce\x64\debug\ballbounce.tlog\link.read.1.tlog
c:\users\coleb\onedrive\desktop\github\ball-bounce\ball-bounce\ballbounce\x64\debug\ballbounce.tlog\link.write.1.tlog
